<?xml version="1.0" encoding="UTF-8"?>
<testng-results ignored="0" total="1" passed="1" failed="0" skipped="0">
  <reporter-output>
  </reporter-output>
  <suite started-at="2022-01-15T04:21:26Z" name="Default suite" finished-at="2022-01-15T04:21:26Z" duration-ms="29">
    <groups>
    </groups>
    <test started-at="2022-01-15T04:21:26Z" name="Default test" finished-at="2022-01-15T04:21:26Z" duration-ms="29">
      <class name="ExcelUtils">
        <test-method signature="exl()[pri:0, instance:ExcelUtils@7c137fd5]" started-at="2022-01-14T23:21:26Z" name="exl" finished-at="2022-01-14T23:21:26Z" duration-ms="11" status="PASS">
          <reporter-output>
          </reporter-output>
        </test-method> <!-- exl -->
      </class> <!-- ExcelUtils -->
    </test> <!-- Default test -->
  </suite> <!-- Default suite -->
</testng-results>
